1321866859916	0	B	Logging Begins
1321866859916	0	EXP_START
1321866860325	1	INSTRUCT
1321866919062	1	ITEM	NEO_001	4	25942
1321866945081	1	ITEM	NEO_002	2	13288
1321866958433	1	ITEM	NEO_003	2	11083
1321866969585	1	ITEM	NEO_004	4	14411
1321866984063	1	ITEM	NEO_005	5	12451
1321866996587	1	ITEM	NEO_006	3	12460
1321867009113	1	ITEM	NEO_007	2	10359
1321867019552	1	ITEM	NEO_008	4	12902
1321867032520	1	ITEM	NEO_009	5	10798
1321867043385	1	ITEM	NEO_010	2	8817
1321867052262	1	ITEM	NEO_011	4	8233
1321867060557	1	ITEM	NEO_012	2	8355
1321867068990	1	ITEM	NEO_013	2	14373
1321867083430	1	ITEM	NEO_014	1	5305
1321867088800	1	ITEM	NEO_015	1	5598
1321867094464	1	ITEM	NEO_016	2	11189
1321867105720	1	ITEM	NEO_017	1	6883
1321867112668	1	ITEM	NEO_018	3	18883
1321867131627	1	ITEM	NEO_019	5	8244
1321867139937	1	ITEM	NEO_020	2	14635
1321867154631	1	ITEM	NEO_021	4	10183
1321867164876	1	ITEM	NEO_022	4	10674
1321867175623	1	ITEM	NEO_023	2	9703
1321867185402	1	ITEM	NEO_024	1	9712
1321867195186	1	ITEM	NEO_025	4	8711
1321867203967	1	ITEM	NEO_026	1	10319
1321867214354	1	ITEM	NEO_027	1	6145
1321867220592	1	ITEM	NEO_028	1	15032
1321867235722	1	ITEM	NEO_029	5	4601
1321867240391	1	ITEM	NEO_030	4	6490
1321867246947	1	ITEM	NEO_031	5	2756
1321867249772	1	ITEM	NEO_032	3	11298
1321867261146	1	ITEM	NEO_033	2	8544
1321867269761	1	ITEM	NEO_034	3	7876
1321867277711	1	ITEM	NEO_035	2	7216
1321867284987	1	ITEM	NEO_036	3	6926
1321867291992	1	ITEM	NEO_037	2	8696
1321867300748	1	ITEM	NEO_038	3	9777
1321867310593	1	ITEM	NEO_039	1	6010
1321867316667	1	ITEM	NEO_040	5	5266
1321867322065	1	ITEM	NEO_041	2	5536
1321867327729	1	ITEM	NEO_042	4	8934
1321867336774	1	ITEM	NEO_043	2	21176
1321867358082	1	ITEM	NEO_044	2	7330
1321867365536	1	ITEM	NEO_045	1	5515
1321867371176	1	ITEM	NEO_046	2	6212
1321867377495	1	ITEM	NEO_047	4	5131
1321867382798	1	ITEM	NEO_048	4	5770
1321867388733	1	ITEM	NEO_049	4	5147
1321867394041	1	ITEM	NEO_050	3	11660
1321867405916	1	ITEM	NEO_051	4	6102
1321867412185	1	ITEM	NEO_052	3	8661
1321867420996	1	ITEM	NEO_053	3	6598
1321867427743	1	ITEM	NEO_054	4	22823
1321867450644	1	ITEM	NEO_055	2	6033
1321867456740	1	ITEM	NEO_056	5	3825
1321867460638	1	ITEM	NEO_057	5	10030
1321867470749	1	ITEM	NEO_058	5	15342
1321867486161	1	ITEM	NEO_059	2	12770
1321867498995	1	ITEM	NEO_060	3	8118
1321867507178	1	ITEM	NEO_061	2	16446
1321867523688	1	ITEM	NEO_062	4	6606
1321867530357	1	ITEM	NEO_063	4	9900
1321867540324	1	ITEM	NEO_064	3	9339
1321867549733	1	ITEM	NEO_065	3	10536
1321867560349	1	ITEM	NEO_066	3	25904
1321867586315	1	ITEM	NEO_067	4	12169
1321867598558	1	ITEM	NEO_068	1	6046
1321867604672	1	ITEM	NEO_069	4	8415
1321867613152	1	ITEM	NEO_070	2	7292
1321867620507	1	ITEM	NEO_071	4	9702
1321867630278	1	ITEM	NEO_072	1	5743
1321867636295	1	ITEM	NEO_073	5	8908
1321867645271	1	ITEM	NEO_074	1	3058
1321867648391	1	ITEM	NEO_075	5	5970
1321867654434	1	ITEM	NEO_076	4	6469
1321867660965	1	ITEM	NEO_077	1	3228
1321867664876	1	ITEM	NEO_078	4	9127
1321867674164	1	ITEM	NEO_079	2	20884
1321867695121	1	ITEM	NEO_080	5	9890
1321867705077	1	ITEM	NEO_081	2	7459
1321867712606	1	ITEM	NEO_082	4	7033
1321867719703	1	ITEM	NEO_083	5	6047
1321867725817	1	ITEM	NEO_084	2	8434
1321867734315	1	ITEM	NEO_085	4	5964
1321867740363	1	ITEM	NEO_086	4	8001
1321867748422	1	ITEM	NEO_087	3	19869
1321867768372	1	ITEM	NEO_088	1	11076
1321867779525	1	ITEM	NEO_089	5	3966
1321867783572	1	ITEM	NEO_090	4	5255
1321867788888	1	ITEM	NEO_091	4	7994
1321867796950	1	ITEM	NEO_092	3	11501
1321867808528	1	ITEM	NEO_093	2	6035
1321867814635	1	ITEM	NEO_094	3	18709
1321867833419	1	ITEM	NEO_095	3	8465
1321867841949	1	ITEM	NEO_096	2	11442
1321867853471	1	ITEM	NEO_097	4	8086
1321867861624	1	ITEM	NEO_098	4	6226
1321867867918	1	ITEM	NEO_099	2	7248
1321867875233	1	ITEM	NEO_100	5	5744
1321867881066	1	ITEM	NEO_101	1	3642
1321867884839	1	ITEM	NEO_102	5	4759
1321867889710	1	ITEM	NEO_103	1	9553
1321867899373	1	ITEM	NEO_104	4	6853
1321867906339	1	ITEM	NEO_105	1	8387
1321867915280	1	ITEM	NEO_106	1	10447
1321867925880	1	ITEM	NEO_107	4	8402
1321867934427	1	ITEM	NEO_108	4	3917
1321867938538	1	ITEM	NEO_109	4	4269
1321867942956	1	ITEM	NEO_110	4	4209
1321867947328	1	ITEM	NEO_111	5	3408
1321867950906	1	ITEM	NEO_112	5	7706
1321867958789	1	ITEM	NEO_113	4	5106
1321867963973	1	ITEM	NEO_114	3	7300
1321867971357	1	ITEM	NEO_115	2	9285
1321867980716	1	ITEM	NEO_116	2	4944
1321867985724	1	ITEM	NEO_117	5	2624
1321867988438	1	ITEM	NEO_118	5	9340
1321867997841	1	ITEM	NEO_119	2	5679
1321868003592	1	ITEM	NEO_120	2	6632
1321868010303	1	ITEM	NEO_121	4	4568
1321868014951	1	ITEM	NEO_122	4	3722
1321868018766	1	ITEM	NEO_123	1	7813
1321868026662	1	ITEM	NEO_124	4	4593
1321868031323	1	ITEM	NEO_125	4	6546
1321868037940	1	ITEM	NEO_126	3	11222
1321868049242	1	ITEM	NEO_127	3	7584
1321868056898	1	ITEM	NEO_128	2	3831
1321868060797	1	ITEM	NEO_129	5	4414
1321868065281	1	ITEM	NEO_130	1	4247
1321868069610	1	ITEM	NEO_131	2	5766
1321868075456	1	ITEM	NEO_132	4	5322
1321868080854	1	ITEM	NEO_133	4	12597
1321868093534	1	ITEM	NEO_134	1	5620
1321868099235	1	ITEM	NEO_135	5	8522
1321868107824	1	ITEM	NEO_136	2	12364
1321868120255	1	ITEM	NEO_137	3	5700
1321868126042	1	ITEM	NEO_138	2	7125
1321868133253	1	ITEM	NEO_139	1	7670
1321868141014	1	ITEM	NEO_140	1	9853
1321868150937	1	ITEM	NEO_141	1	6611
1321868157617	1	ITEM	NEO_142	2	7115
1321868164797	1	ITEM	NEO_143	5	3425
1321868168297	1	ITEM	NEO_144	4	5494
1321868173879	1	ITEM	NEO_145	5	4382
1321868178334	1	ITEM	NEO_146	2	5443
1321868183855	1	ITEM	NEO_147	1	9338
1321868193275	1	ITEM	NEO_148	1	16013
1321868209365	1	ITEM	NEO_149	4	8063
1321868217507	1	ITEM	NEO_150	1	4067
1321868221655	1	ITEM	NEO_151	1	8320
1321868230052	1	ITEM	NEO_152	4	6727
1321868236883	1	ITEM	NEO_153	5	10217
1321868247197	1	ITEM	NEO_154	1	4713
1321868251998	1	ITEM	NEO_155	1	6348
1321868258424	1	ITEM	NEO_156	2	4994
1321868263506	1	ITEM	NEO_157	1	6157
1321868269751	1	ITEM	NEO_158	4	5603
1321868275448	1	ITEM	NEO_159	1	4925
1321868280480	1	ITEM	NEO_160	5	6265
1321868286870	1	ITEM	NEO_161	2	8202
1321868295193	1	ITEM	NEO_162	5	5820
1321868301138	1	ITEM	NEO_163	2	12442
1321868313714	1	ITEM	NEO_164	5	6835
1321868320677	1	ITEM	NEO_165	4	5888
1321868326678	1	ITEM	NEO_166	1	6860
1321868333666	1	ITEM	NEO_167	4	5059
1321868338876	1	ITEM	NEO_168	4	21052
1321868360091	1	ITEM	NEO_169	4	6705
1321868366968	1	ITEM	NEO_170	3	9460
1321868376582	1	ITEM	NEO_171	1	3865
1321868380612	1	ITEM	NEO_172	1	3709
1321868384497	1	ITEM	NEO_173	2	9571
1321868394167	1	ITEM	NEO_174	2	7889
1321868402146	1	ITEM	NEO_175	2	8765
1321868410989	1	ITEM	NEO_176	4	4268
1321868415334	1	ITEM	NEO_177	4	3483
1321868418901	1	ITEM	NEO_178	4	7190
1321868426163	1	ITEM	NEO_179	4	3769
1321868430011	1	ITEM	NEO_180	3	3552
1321868433642	1	ITEM	NEO_181	1	5038
1321868438760	1	ITEM	NEO_182	5	6105
1321868444941	1	ITEM	NEO_183	5	5126
1321868450152	1	ITEM	NEO_184	3	5815
1321868456049	1	ITEM	NEO_185	5	11197
1321868467327	1	ITEM	NEO_186	4	6353
1321868473757	1	ITEM	NEO_187	1	3560
1321868477398	1	ITEM	NEO_188	4	10340
1321868487823	1	ITEM	NEO_189	1	4684
1321868492581	1	ITEM	NEO_190	1	9043
1321868501695	1	ITEM	NEO_191	2	6639
1321868508411	1	ITEM	NEO_192	1	3530
1321868512029	1	ITEM	NEO_193	3	5101
1321868517208	1	ITEM	NEO_194	4	5917
1321868523212	1	ITEM	NEO_195	5	5201
1321868528507	1	ITEM	NEO_196	4	16755
1321868545341	1	ITEM	NEO_197	4	2427
1321868547844	1	ITEM	NEO_198	1	6312
1321868554237	1	ITEM	NEO_199	4	3912
1321868558219	1	ITEM	NEO_200	5	3923
1321868562223	1	ITEM	NEO_201	4	11465
1321868573761	1	ITEM	NEO_202	4	6435
1321868580275	1	ITEM	NEO_203	4	5461
1321868585822	1	ITEM	NEO_204	5	6483
1321868592391	1	ITEM	NEO_205	2	19284
1321868611766	1	ITEM	NEO_206	4	6462
1321868618316	1	ITEM	NEO_207	2	10991
1321868629395	1	ITEM	NEO_208	1	7751
1321868637233	1	ITEM	NEO_209	5	5106
1321868642415	1	ITEM	NEO_210	4	4935
1321868647432	1	ITEM	NEO_211	2	3310
1321868650831	1	ITEM	NEO_212	2	7089
1321868658013	1	ITEM	NEO_213	4	16109
1321868674204	1	ITEM	NEO_214	5	6230
1321868680511	1	ITEM	NEO_215	5	3060
1321868683647	1	ITEM	NEO_216	4	9889
1321868693605	1	ITEM	NEO_217	3	4224
1321868697910	1	ITEM	NEO_218	3	13920
1321868711952	1	ITEM	NEO_219	2	10293
1321868722365	1	ITEM	NEO_220	2	6241
1321868728750	1	ITEM	NEO_221	1	5315
1321868734174	1	ITEM	NEO_222	5	3675
1321868737981	1	ITEM	NEO_223	1	10729
1321868748852	1	ITEM	NEO_224	4	6992
1321868755989	1	ITEM	NEO_225	5	7641
1321868763804	1	ITEM	NEO_226	2	6047
1321868770017	1	ITEM	NEO_227	4	3655
1321868773835	1	ITEM	NEO_228	4	6359
1321868780358	1	ITEM	NEO_229	4	4207
1321868784736	1	ITEM	NEO_230	2	7524
1321868792417	1	ITEM	NEO_231	2	3293
1321868795898	1	ITEM	NEO_232	2	3664
1321868799736	1	ITEM	NEO_233	2	12967
1321868812881	1	ITEM	NEO_234	2	2871
1321868815983	1	REPEAT_WRN
1321868824879	1	ITEM	NEO_235	4	6910
1321868831859	1	ITEM	NEO_236	2	4771
1321868836710	1	ITEM	NEO_237	4	3526
1321868840320	1	ITEM	NEO_238	4	6617
1321868847020	1	ITEM	NEO_239	3	9693
1321868856799	1	ITEM	NEO_240	2	3656
1321868860528	1	SESS_END
1321866857374	0	E	Logging Ends
