1324046538979	0	B	Logging Begins
1324046538979	0	EXP_START
1324046539338	1	INSTRUCT
1324046585729	1	ITEM	NEO_001	3	18729
1324046604536	1	ITEM	NEO_002	3	18701
1324046623319	1	ITEM	NEO_003	3	14339
1324046637723	1	ITEM	NEO_004	2	8634
1324046646433	1	ITEM	NEO_005	4	12910
1324046659414	1	ITEM	NEO_006	3	4327
1324046663806	1	ITEM	NEO_007	3	8143
1324046672016	1	ITEM	NEO_008	4	8276
1324046680353	1	ITEM	NEO_009	2	10021
1324046690447	1	ITEM	NEO_010	2	10410
1324046700924	1	ITEM	NEO_011	3	4031
1324046705022	1	ITEM	NEO_012	3	4951
1324046710040	1	ITEM	NEO_013	3	14055
1324046724163	1	ITEM	NEO_014	2	7269
1324046731498	1	ITEM	NEO_015	4	6291
1324046737859	1	ITEM	NEO_016	3	4682
1324046742603	1	ITEM	NEO_017	3	5972
1324046748634	1	ITEM	NEO_018	2	8650
1324046757352	1	ITEM	NEO_019	3	5024
1324046762439	1	ITEM	NEO_020	3	3784
1324046766288	1	ITEM	NEO_021	3	5156
1324046771507	1	ITEM	NEO_022	2	15104
1324046786685	1	ITEM	NEO_023	4	6346
1324046793101	1	ITEM	NEO_024	2	15576
1324046808746	1	ITEM	NEO_025	4	8361
1324046817176	1	ITEM	NEO_026	2	3848
1324046821086	1	ITEM	NEO_027	2	9657
1324046830824	1	ITEM	NEO_028	2	12038
1324046842929	1	ITEM	NEO_029	5	12359
1324046855352	1	ITEM	NEO_030	5	7769
1324046863181	1	ITEM	NEO_031	2	3265
1324046866514	1	ITEM	NEO_032	1	8701
1324046875290	1	ITEM	NEO_033	3	5326
1324046880690	1	ITEM	NEO_034	5	8820
1324046889577	1	ITEM	NEO_035	1	9321
1324046898964	1	ITEM	NEO_036	3	3953
1324046902979	1	ITEM	NEO_037	3	5627
1324046908676	1	ITEM	NEO_038	5	20576
1324046929320	1	ITEM	NEO_039	3	10682
1324046940098	1	ITEM	NEO_040	4	10335
1324046950557	1	ITEM	NEO_041	2	3425
1324046954100	1	ITEM	NEO_042	3	3995
1324046958216	1	ITEM	NEO_043	3	3827
1324046962165	1	ITEM	NEO_044	5	20116
1324046982397	1	ITEM	NEO_045	4	6705
1324046989212	1	ITEM	NEO_046	4	4978
1324046994327	1	ITEM	NEO_047	4	7624
1324047002126	1	ITEM	NEO_048	4	4075
1324047006378	1	ITEM	NEO_049	5	3346
1324047009887	1	ITEM	NEO_050	4	2999
1324047013102	1	ITEM	NEO_051	3	5258
1324047018588	1	ITEM	NEO_052	3	4767
1324047023441	1	ITEM	NEO_053	3	4361
1324047027872	1	ITEM	NEO_054	1	7926
1324047035868	1	ITEM	NEO_055	1	11855
1324047047796	1	ITEM	NEO_056	5	6001
1324047053861	1	ITEM	NEO_057	5	6387
1324047060325	1	ITEM	NEO_058	5	8153
1324047068550	1	ITEM	NEO_059	3	5552
1324047074168	1	ITEM	NEO_060	4	3312
1324047077544	1	ITEM	NEO_061	2	9084
1324047086694	1	ITEM	NEO_062	4	4939
1324047091693	1	ITEM	NEO_063	4	7092
1324047098857	1	ITEM	NEO_064	4	4615
1324047103540	1	ITEM	NEO_065	4	4277
1324047107888	1	ITEM	NEO_066	2	5341
1324047113299	1	ITEM	NEO_067	3	3180
1324047116547	1	ITEM	NEO_068	3	6771
1324047123380	1	ITEM	NEO_069	3	10992
1324047134439	1	ITEM	NEO_070	2	7053
1324047141551	1	ITEM	NEO_071	5	5512
1324047147134	1	ITEM	NEO_072	3	7970
1324047155165	1	ITEM	NEO_073	3	15037
1324047170267	1	ITEM	NEO_074	1	4593
1324047174923	1	ITEM	NEO_075	5	4554
1324047179553	1	ITEM	NEO_076	2	6864
1324047186482	1	ITEM	NEO_077	2	8036
1324047194588	1	ITEM	NEO_078	3	12907
1324047207574	1	ITEM	NEO_079	2	7060
1324047214707	1	ITEM	NEO_080	2	11896
1324047226680	1	ITEM	NEO_081	4	8331
1324047235077	1	ITEM	NEO_082	4	6021
1324047241172	1	ITEM	NEO_083	4	2222
1324047243458	1	ITEM	NEO_084	2	4004
1324047247536	1	ITEM	NEO_085	3	5415
1324047253024	1	ITEM	NEO_086	3	16859
1324047269942	1	ITEM	NEO_087	3	4248
1324047274267	1	ITEM	NEO_088	3	8808
1324047283139	1	ITEM	NEO_089	5	4554
1324047287768	1	ITEM	NEO_090	3	6224
1324047294060	1	ITEM	NEO_091	3	5829
1324047299962	1	ITEM	NEO_092	3	8714
1324047308743	1	ITEM	NEO_093	3	14564
1324047323379	1	ITEM	NEO_094	5	20899
1324047344348	1	ITEM	NEO_095	4	5145
1324047349558	1	ITEM	NEO_096	4	13050
1324047362693	1	ITEM	NEO_097	5	5393
1324047368151	1	ITEM	NEO_098	5	4368
1324047372599	1	ITEM	NEO_099	4	3427
1324047376147	1	ITEM	NEO_100	5	5140
1324047381421	1	ITEM	NEO_101	2	5731
1324047387289	1	ITEM	NEO_102	3	4863
1324047392273	1	ITEM	NEO_103	3	5060
1324047397464	1	ITEM	NEO_104	4	4147
1324047401761	1	ITEM	NEO_105	4	9066
1324047410949	1	ITEM	NEO_106	2	16413
1324047427512	1	ITEM	NEO_107	3	6644
1324047434323	1	ITEM	NEO_108	5	2472
1324047436955	1	ITEM	NEO_109	2	6149
1324047443321	1	ITEM	NEO_110	4	3855
1324047447342	1	ITEM	NEO_111	3	4209
1324047451717	1	ITEM	NEO_112	1	4703
1324047456594	1	ITEM	NEO_113	3	6792
1324047463463	1	ITEM	NEO_114	4	4219
1324047467755	1	ITEM	NEO_115	3	12219
1324047480046	1	ITEM	NEO_116	5	3377
1324047483487	1	ITEM	NEO_117	3	2921
1324047486490	1	ITEM	NEO_118	4	8448
1324047495005	1	ITEM	NEO_119	1	7624
1324047502704	1	ITEM	NEO_120	4	5053
1324047507822	1	ITEM	NEO_121	2	13244
1324047521130	1	ITEM	NEO_122	5	3323
1324047524543	1	ITEM	NEO_123	4	7441
1324047532064	1	ITEM	NEO_124	2	3585
1324047535719	1	ITEM	NEO_125	2	6830
1324047542617	1	ITEM	NEO_126	2	5113
1324047547807	1	ITEM	NEO_127	2	5321
1324047553224	1	ITEM	NEO_128	4	13208
1324047566506	1	ITEM	NEO_129	4	4425
1324047571005	1	ITEM	NEO_130	3	4763
1324047575859	1	ITEM	NEO_131	4	21517
1324047597445	1	ITEM	NEO_132	4	6037
1324047603556	1	ITEM	NEO_133	4	6817
1324047610453	1	ITEM	NEO_134	2	4327
1324047614857	1	ITEM	NEO_135	5	4212
1324047619131	1	ITEM	NEO_136	2	3576
1324047622779	1	ITEM	NEO_137	4	8118
1324047630978	1	ITEM	NEO_138	3	5446
1324047636500	1	ITEM	NEO_139	4	10656
1324047647229	1	ITEM	NEO_140	2	18888
1324047666193	1	ITEM	NEO_141	4	5625
1324047671898	1	ITEM	NEO_142	3	4031
1324047676005	1	ITEM	NEO_143	3	4262
1324047680337	1	ITEM	NEO_144	4	4240
1324047684656	1	ITEM	NEO_145	4	4117
1324047688848	1	ITEM	NEO_146	4	2852
1324047691765	1	ITEM	NEO_147	4	4724
1324047696568	1	ITEM	NEO_148	3	6657
1324047703312	1	ITEM	NEO_149	5	3312
1324047706690	1	ITEM	NEO_150	4	3561
1324047710324	1	ITEM	NEO_151	3	4422
1324047714824	1	ITEM	NEO_152	4	6425
1324047721353	1	ITEM	NEO_153	3	9103
1324047730530	1	ITEM	NEO_154	4	4581
1324047735180	1	ITEM	NEO_155	3	6049
1324047741309	1	ITEM	NEO_156	4	5883
1324047747279	1	ITEM	NEO_157	3	18298
1324047765665	1	ITEM	NEO_158	5	4187
1324047769933	1	ITEM	NEO_159	3	4870
1324047774876	1	ITEM	NEO_160	4	3641
1324047778583	1	ITEM	NEO_161	3	2672
1324047781378	1	ITEM	NEO_162	3	6040
1324047787565	1	ITEM	NEO_163	4	5346
1324047793054	1	ITEM	NEO_164	5	6997
1324047800177	1	ITEM	NEO_165	3	3093
1324047803406	1	ITEM	NEO_166	2	8717
1324047812305	1	ITEM	NEO_167	3	5883
1324047818351	1	ITEM	NEO_168	4	4095
1324047822610	1	ITEM	NEO_169	3	3880
1324047826664	1	ITEM	NEO_170	3	2674
1324047829579	1	ITEM	NEO_171	1	4404
1324047834139	1	ITEM	NEO_172	5	3501
1324047837818	1	ITEM	NEO_173	3	7119
1324047845034	1	ITEM	NEO_174	3	14660
1324047859775	1	ITEM	NEO_175	4	6254
1324047866103	1	ITEM	NEO_176	3	4927
1324047871098	1	ITEM	NEO_177	3	4819
1324047876004	1	ITEM	NEO_178	5	4177
1324047880261	1	ITEM	NEO_179	5	3415
1324047883744	1	ITEM	NEO_180	5	2326
1324047886142	1	ITEM	NEO_181	3	4794
1324047891027	1	ITEM	NEO_182	4	5465
1324047896575	1	ITEM	NEO_183	4	8112
1324047904766	1	ITEM	NEO_184	4	3154
1324047907999	1	ITEM	NEO_185	4	5036
1324047913113	1	ITEM	NEO_186	3	6279
1324047919476	1	ITEM	NEO_187	2	5702
1324047925266	1	ITEM	NEO_188	5	8991
1324047934342	1	ITEM	NEO_189	3	4791
1324047939200	1	ITEM	NEO_190	2	5852
1324047945131	1	ITEM	NEO_191	3	3338
1324047948557	1	ITEM	NEO_192	2	3843
1324047952483	1	ITEM	NEO_193	3	5348
1324047957911	1	ITEM	NEO_194	4	3308
1324047961304	1	ITEM	NEO_195	4	4498
1324047965896	1	ITEM	NEO_196	3	9163
1324047975129	1	ITEM	NEO_197	3	2484
1324047977689	1	ITEM	NEO_198	3	4669
1324047982430	1	ITEM	NEO_199	3	3751
1324047986262	1	ITEM	NEO_200	3	3522
1324047989865	1	REPEAT_WRN
1324047996842	1	ITEM	NEO_201	4	14687
1324048011601	1	ITEM	NEO_202	5	7340
1324048019014	1	ITEM	NEO_203	5	2215
1324048021313	1	ITEM	NEO_204	4	9144
1324048030542	1	ITEM	NEO_205	4	8104
1324048038727	1	ITEM	NEO_206	3	7981
1324048046791	1	ITEM	NEO_207	4	5868
1324048052743	1	ITEM	NEO_208	5	5473
1324048058300	1	ITEM	NEO_209	4	4663
1324048063037	1	ITEM	NEO_210	4	10674
1324048073793	1	ITEM	NEO_211	4	5529
1324048079408	1	ITEM	NEO_212	4	4781
1324048084274	1	ITEM	NEO_213	3	5347
1324048089701	1	ITEM	NEO_214	4	2697
1324048092479	1	ITEM	NEO_215	4	2099
1324048094661	1	ITEM	NEO_216	4	5634
1324048100375	1	ITEM	NEO_217	4	3947
1324048104418	1	ITEM	NEO_218	3	5154
1324048109693	1	ITEM	NEO_219	3	3594
1324048113408	1	ITEM	NEO_220	5	4453
1324048117989	1	ITEM	NEO_221	3	7696
1324048125799	1	ITEM	NEO_222	4	2790
1324048128747	1	ITEM	NEO_223	3	7056
1324048135967	1	ITEM	NEO_224	4	13656
1324048149724	1	ITEM	NEO_225	4	4568
1324048154371	1	ITEM	NEO_226	4	5136
1324048159590	1	ITEM	NEO_227	3	8925
1324048168595	1	ITEM	NEO_228	3	8553
1324048177229	1	ITEM	NEO_229	2	3437
1324048180755	1	ITEM	NEO_230	2	3160
1324048184004	1	ITEM	NEO_231	4	3740
1324048187822	1	ITEM	NEO_232	2	6172
1324048194072	1	ITEM	NEO_233	4	4104
1324048198248	1	ITEM	NEO_234	2	2391
1324048200712	1	ITEM	NEO_235	4	3061
1324048203843	1	ITEM	NEO_236	3	3662
1324048207578	1	ITEM	NEO_237	3	3880
1324048211546	1	ITEM	NEO_238	3	6103
1324048217721	1	ITEM	NEO_239	3	4725
1324048222520	1	ITEM	NEO_240	4	5998
1324048228604	1	SESS_END
1324046536490	0	E	Logging Ends
